INFO [2023-06-29 12:52:51] $x
INFO [2023-06-29 12:52:51] list(`Tiberias Hot Springs` = venn_tiberias, `Haon-Borehole` = venn_haon, 
INFO [2023-06-29 12:52:51]     Tabgha = venn_tabgha, Fuliya = venn_fuliya)
INFO [2023-06-29 12:52:51] 
INFO [2023-06-29 12:52:51] $fill
INFO [2023-06-29 12:52:51] c("#CC79A7", "#009E73", "#56B4E9", "#D55E00")
INFO [2023-06-29 12:52:51] 
INFO [2023-06-29 12:52:51] $alpha
INFO [2023-06-29 12:52:51] c(0.7, 0.7, 0.7, 0.7)
INFO [2023-06-29 12:52:51] 
INFO [2023-06-29 12:52:51] $cex
INFO [2023-06-29 12:52:51] [1] 1.3
INFO [2023-06-29 12:52:51] 
INFO [2023-06-29 12:52:51] $cat.cex
INFO [2023-06-29 12:52:51] [1] 1.5
INFO [2023-06-29 12:52:51] 
INFO [2023-06-29 12:52:51] $filename
INFO [2023-06-29 12:52:51] NULL
INFO [2023-06-29 12:52:51] 
INFO [2023-06-29 12:52:51] $print.mode
INFO [2023-06-29 12:52:51] c("raw", "percent")
INFO [2023-06-29 12:52:51] 
INFO [2023-06-29 12:52:51] $height
INFO [2023-06-29 12:52:51] [1] 4000
INFO [2023-06-29 12:52:51] 
INFO [2023-06-29 12:52:51] $width
INFO [2023-06-29 12:52:51] [1] 8000
INFO [2023-06-29 12:52:51] 
INFO [2023-06-29 12:52:51] $cat.just
INFO [2023-06-29 12:52:51] list(c(0.37, 0), c(1, 0), c(1, 0), c(0.3, 0))
INFO [2023-06-29 12:52:51] 
